disposeInternal:d
propagationStopped_:g
createObject:k
dependentDisposables_:R
customEvent_:w
commentCount_:P
nextId_:U
init:f
onDisposeCallbacks_:J
events_:D
remaining_:c
connectOutputTo:i
tracerOverheadStart_:ba
returnValue_:n
volumePedal:N
outstandingEvents_:K
comment:O
statPool_:X
locked_:m
model:H
count_:a
eventPool_:S
tracerCount_:Z
disposeObjectFn_:A
keys_:b
eventType:p
superClass_:t
startTime_:W
__iterator__:o
createObjectFn_:v
isFunctionListener_:G
freeQueue_:q
idPool_:F
varAlloc:M
event_:C
map_:e
needsCleanup_:I
platformModifierKey:V
parentEventTarget_:s
dispose:j
stopTime:da
disposed_:l
stats_:L
disposeObject:z
callOnce:u
defaultThreshold_:ca
removed:h
tracerOverheadComment_:$
eventTime:B
tracerOverheadEnd_:aa
totalVarAlloc:Y
maxCount_:T
handler:r
