goog$getUid:w
doc$$inline_131:ra
JSCompiler_alias_FALSE:l
goog$isArrayLike:aa
goog$userAgent$detectedIe_:ga
stomp$io$Input:Ta
JSCompiler_temp$$161:Wa
docMode$$inline_21:qa
version$$inline_17:E
L 0:a
L 1:b
L 2:c
L 3:d
goog$isString:v
goog$userAgent$isDocumentModeCache_:ta
goog$array$forEach:Ca
goog$iter$StopIteration:R
L 9:o
L 8:n
L 7:j
L 6:g
L 5:e
L 4:f
goog$userAgent$isVersion:G
JSCompiler_StaticMethods_getKeys:La
JSCompiler_emptyFn:q
goog$iter$toIterator:Ka
goog$userAgent$GECKO:C
stomp$io$FileInput:Ua
goog$UID_PROPERTY_:ba
goog$userAgent$detectedOpera_:y
goog$userAgent$MAC:ma
navigator$$inline_12:ja
goog$reflect$sinkValue:Ea
navigator$$inline_14:la
re$$inline_18:F
goog$userAgent$detectedWebkit_:z
goog$inherits:x
parts$$inline_157:W
goog$object$PROTOTYPE_FIELDS_:xa
goog$userAgent$getUserAgentString:ia
goog$events$BrowserFeature$HAS_W3C_EVENT_SUPPORT:za
goog$typeOf:t
goog$events$unlistenByKey:P
goog$userAgent$WEBKIT:D
goog$events$EventTarget:V
stomp$box$volume$Component:fa
goog$debug$Trace_$formatTime_:Sa
stomp$Bootstrapper:Va
JSCompiler_alias_TRUE:i
goog$userAgent$detectedGecko_:ha
goog$events$handleBrowserEvent_:Ga
goog$events$unlisten:Ha
goog$userAgent$isVersionCache_:sa
goog$events$listeners_:L
goog$events$Listener$counter_:wa
goog$events$Event:J
goog$events$listenerTree_:M
goog$events$BrowserFeature$SET_KEY_CODE_TO_PREVENT_DEFAULT:Aa
goog$events$BrowserEvent:K
goog$events$listen:Fa
goog$events$cleanUp_:Ia
goog$iter$Iterator:S
JSCompiler_StaticMethods_toTraceString:Qa
part$$inline_159:Z
goog$events$Listener:va
JSCompiler_prototypeAlias:r
goog$debug$Trace_:Na
goog$now:da
goog$debug$Trace_$Stat_:Pa
goog$userAgent$VERSION:na
JSCompiler_alias_VOID:h
goog$userAgent$OPERA:ka
goog$events$onStringMap_:O
operaVersion$$inline_19:oa
arr$$inline_20:pa
goog$Disposable:I
goog$userAgent$IE:B
JSCompiler_alias_NULL:k
goog$structs$SimplePool:U
goog$uidCounter_:ca
L 13:u
goog$global:s
goog$events$fireListeners_:Q
L 11:m
L 12:X
goog$events$fireListener:Ja
L 10:p
stomp$box$volume$ComponentModel:ea
goog$array$ARRAY_PROTOTYPE_:H
goog$disposeAll:Da
goog$structs$Map:T
goog$debug$Trace_$Event_:Oa
cur$$inline_158:Y
JSCompiler_StaticMethods_cleanupKeysArray_:Ma
goog$debug$Trace_$longToPaddedString_:Ra
goog$array$indexOf:Ba
goog$object$extend:ya
goog$userAgent$isDocumentMode:ua
ua$$inline_11:A
goog$events$sources_:N
