disposeInternal:d
tag:c
element_:v
inDocument_:H
exitDocument:F
pot:Bb
model_:ja
propagationStopped_:z
BUTTON:$
footswitch:xb
dependentDisposables_:Va
hex:G
oper:V
customEvent_:va
idGenerator_:$a
setParentEventTarget:ma
visible_:sb
parent_:X
commentCount_:Ta
$:na
KNOB_HOLDER:ub
remaining_:e
shadowMaker:Cb
tracerOverheadStart_:qb
content_:ta
components:D
comment:Sa
oldY:La
oquery:Ab
gestureHandler:yb
statesWithTransitionEvents_:lb
events:m
query:A
count_:b
tracerCount_:nb
keys_:a
eventType:da
infixOper:Ea
loops:Ha
enableClassName:N
modelClass:T
getElement:k
createObjectFn_:ua
mappings:w
getKeyEventTarget:fa
instance_:Fa
freeQueue_:ea
event_:o
classes:i
ui:Hb
autoStates_:pa
platformModifierKey:hb
textShadowMaker:Fb
canSwipe:ba
isInMotion:ab
childIndex_:C
angle:Qa
multiplier:Ia
handleBlur:Ya
stopTime:Eb
disposed_:n
deviceIsIOSWithBadTarget:Wa
el:h
nodes:Ka
canTap:ca
callback:Ra
document_:M
googUiComponentHandler_:O
maxCount_:bb
textShadowMakerDom:Gb
KNOB:oa
setModel:la
createObject:L
attrs:K
extraClassNames_:j
onTouchstart:fb
hoverHandler:Za
nozip:U
getCssClass:Ba
otag:gb
state_:g
nextId_:ka
init:P
getInstance:p
onDisposeCallbacks_:Ma
events_:za
flag:Aa
returnValue_:Y
matchFor:ia
outstandingEvents_:Na
keyHandler_:R
statPool_:kb
stomp:Db
locked_:S
model:r
getTag:ga
eventPool_:Xa
onTouchmove:eb
disposeObjectFn_:xa
classByState_:sa
bindModelEvents:qa
startTime_:jb
superClass_:f
__iterator__:aa
children_:u
isFunctionListener_:Ga
idPool_:Ca
varAlloc:Pa
setState:J
wasDecorated_:tb
pseudos:s
map_:q
commentStrip:Ua
needsCleanup_:Ja
parentEventTarget_:W
dispose:l
renderer_:I
setValue:Z
io:zb
stats_:Oa
updateUi:rb
disposeObject:wa
dom_:wb
defaultThreshold_:vb
callOnce:ra
removed:B
tracerOverheadComment_:ob
id_:Da
eventTime:ya
supportedStates_:t
rightToLeft_:ib
tracerOverheadEnd_:pb
totalVarAlloc:mb
onTouchend:cb
handler:ha
